  Raycaster.cpp
C:\Users\Admin\Desktop\NSI\Projets\Raycaster\Repo\Raycaster.cpp(21,29): warning C4244: 'initialisation' : conversion de 'double' en 'float', perte possible de données
C:\Users\Admin\Desktop\NSI\Projets\Raycaster\Repo\Raycaster.cpp(21,25): warning C4244: 'initialisation' : conversion de 'double' en 'const float', perte possible de données
C:\Users\Admin\Desktop\NSI\Projets\Raycaster\Repo\Raycaster.cpp(154,18): warning C4244: '=' : conversion de 'float' en 'int', perte possible de données
C:\Users\Admin\Desktop\NSI\Projets\Raycaster\Repo\Raycaster.cpp(163,18): warning C4244: '=' : conversion de 'double' en 'float', perte possible de données
C:\Users\Admin\Desktop\NSI\Projets\Raycaster\Repo\Raycaster.cpp(165,48): warning C4244: '=' : conversion de 'int' en 'float', perte possible de données
C:\Users\Admin\Desktop\NSI\Projets\Raycaster\Repo\Raycaster.cpp(171,48): warning C4244: '=' : conversion de 'double' en 'float', perte possible de données
C:\Users\Admin\Desktop\NSI\Projets\Raycaster\Repo\Raycaster.cpp(187,58): warning C4244: '=' : conversion de 'double' en 'float', perte possible de données
C:\Users\Admin\Desktop\NSI\Projets\Raycaster\Repo\Raycaster.cpp(202,19): warning C4244: '=' : conversion de 'double' en 'float', perte possible de données
C:\Users\Admin\Desktop\NSI\Projets\Raycaster\Repo\Raycaster.cpp(204,48): warning C4244: '=' : conversion de 'double' en 'float', perte possible de données
C:\Users\Admin\Desktop\NSI\Projets\Raycaster\Repo\Raycaster.cpp(210,48): warning C4244: '=' : conversion de 'int' en 'float', perte possible de données
C:\Users\Admin\Desktop\NSI\Projets\Raycaster\Repo\Raycaster.cpp(226,58): warning C4244: '=' : conversion de 'double' en 'float', perte possible de données
C:\Users\Admin\Desktop\NSI\Projets\Raycaster\Repo\Raycaster.cpp(237,28): warning C4305: 'argument' : troncation de 'double' à 'GLfloat'
C:\Users\Admin\Desktop\NSI\Projets\Raycaster\Repo\Raycaster.cpp(242,32): warning C4305: 'argument' : troncation de 'double' à 'GLfloat'
C:\Users\Admin\Desktop\NSI\Projets\Raycaster\Repo\Raycaster.cpp(243,26): warning C4305: '=' : troncation de 'double' à 'float'
C:\Users\Admin\Desktop\NSI\Projets\Raycaster\Repo\Raycaster.cpp(252,21): warning C4244: '=' : conversion de 'double' en 'float', perte possible de données
C:\Users\Admin\Desktop\NSI\Projets\Raycaster\Repo\Raycaster.cpp(255,19): warning C4244: 'initialisation' : conversion de 'float' en 'int', perte possible de données
C:\Users\Admin\Desktop\NSI\Projets\Raycaster\Repo\Raycaster.cpp(259,41): warning C4244: '=' : conversion de 'double' en 'float', perte possible de données
C:\Users\Admin\Desktop\NSI\Projets\Raycaster\Repo\Raycaster.cpp(262,34): warning C4244: '=' : conversion de 'double' en 'float', perte possible de données
C:\Users\Admin\Desktop\NSI\Projets\Raycaster\Repo\Raycaster.cpp(268,42): warning C4244: '=' : conversion de 'int' en 'float', perte possible de données
C:\Users\Admin\Desktop\NSI\Projets\Raycaster\Repo\Raycaster.cpp(274,42): warning C4244: '=' : conversion de 'int' en 'float', perte possible de données
C:\Users\Admin\Desktop\NSI\Projets\Raycaster\Repo\Raycaster.cpp(298,21): warning C4244: 'initialisation' : conversion de 'float' en 'int', perte possible de données
C:\Users\Admin\Desktop\NSI\Projets\Raycaster\Repo\Raycaster.cpp(299,23): warning C4244: 'initialisation' : conversion de 'float' en 'int', perte possible de données
C:\Users\Admin\Desktop\NSI\Projets\Raycaster\Repo\Raycaster.cpp(300,22): warning C4244: 'initialisation' : conversion de 'float' en 'int', perte possible de données
C:\Users\Admin\Desktop\NSI\Projets\Raycaster\Repo\Raycaster.cpp(321,24): warning C4305: '=' : troncation de 'double' à 'float'
C:\Users\Admin\Desktop\NSI\Projets\Raycaster\Repo\Raycaster.cpp(341,21): warning C4244: '=' : conversion de 'int' en 'float', perte possible de données
C:\Users\Admin\Desktop\NSI\Projets\Raycaster\Repo\Raycaster.cpp(343,20): warning C4244: '=' : conversion de 'int' en 'float', perte possible de données
C:\Users\Admin\Desktop\NSI\Projets\Raycaster\Repo\Raycaster.cpp(347,37): warning C4244: '+=' : conversion de 'double' en 'float', perte possible de données
C:\Users\Admin\Desktop\NSI\Projets\Raycaster\Repo\Raycaster.cpp(348,37): warning C4244: '=' : conversion de 'double' en 'float', perte possible de données
C:\Users\Admin\Desktop\NSI\Projets\Raycaster\Repo\Raycaster.cpp(353,37): warning C4244: '-=' : conversion de 'double' en 'float', perte possible de données
C:\Users\Admin\Desktop\NSI\Projets\Raycaster\Repo\Raycaster.cpp(354,37): warning C4244: '=' : conversion de 'double' en 'float', perte possible de données
C:\Users\Admin\Desktop\NSI\Projets\Raycaster\Repo\Raycaster.cpp(377,24): warning C4244: 'initialisation' : conversion de 'double' en 'int', perte possible de données
C:\Users\Admin\Desktop\NSI\Projets\Raycaster\Repo\Raycaster.cpp(378,36): warning C4244: 'initialisation' : conversion de 'double' en 'int', perte possible de données
C:\Users\Admin\Desktop\NSI\Projets\Raycaster\Repo\Raycaster.cpp(379,36): warning C4244: 'initialisation' : conversion de 'double' en 'int', perte possible de données
C:\Users\Admin\Desktop\NSI\Projets\Raycaster\Repo\Raycaster.cpp(380,24): warning C4244: 'initialisation' : conversion de 'double' en 'int', perte possible de données
C:\Users\Admin\Desktop\NSI\Projets\Raycaster\Repo\Raycaster.cpp(381,36): warning C4244: 'initialisation' : conversion de 'double' en 'int', perte possible de données
C:\Users\Admin\Desktop\NSI\Projets\Raycaster\Repo\Raycaster.cpp(382,36): warning C4244: 'initialisation' : conversion de 'double' en 'int', perte possible de données
C:\Users\Admin\Desktop\NSI\Projets\Raycaster\Repo\Raycaster.cpp(387,55): warning C4244: '+=' : conversion de 'double' en 'float', perte possible de données
C:\Users\Admin\Desktop\NSI\Projets\Raycaster\Repo\Raycaster.cpp(390,55): warning C4244: '+=' : conversion de 'double' en 'float', perte possible de données
C:\Users\Admin\Desktop\NSI\Projets\Raycaster\Repo\Raycaster.cpp(395,55): warning C4244: '-=' : conversion de 'double' en 'float', perte possible de données
C:\Users\Admin\Desktop\NSI\Projets\Raycaster\Repo\Raycaster.cpp(398,55): warning C4244: '-=' : conversion de 'double' en 'float', perte possible de données
C:\Users\Admin\Desktop\NSI\Projets\Raycaster\Repo\Raycaster.cpp(411,28): warning C4305: 'argument' : troncation de 'double' à 'GLfloat'
C:\Users\Admin\Desktop\NSI\Projets\Raycaster\Repo\Raycaster.cpp(425,35): warning C4326: le type de retour de 'main' doit être 'int' au lieu de 'void'
  Raycaster.vcxproj -> C:\Users\Admin\Desktop\NSI\Projets\Raycaster\Repo\x64\Debug\Raycaster.exe
